<?xml version="1.0" encoding="UTF-8"?>
<testsuite xmlns:xsi="http://www.w3.org/2001/XMLSchema-instance" xsi:noNamespaceSchemaLocation="https://maven.apache.org/surefire/maven-surefire-plugin/xsd/surefire-test-report.xsd" version="3.0.2" name="telran.java55.ApplicationTests" time="3.745" tests="1" errors="0" skipped="0" failures="0">
  <properties>
[...]
</properties>
  <testcase name="contextLoads" classname="telran.java55.ApplicationTests" time="0.718">
    <system-out><![CDATA[10:56:59.391 [main] INFO org.springframework.test.context.support.AnnotationConfigContextLoaderUtils -- Could not detect default configuration classes for test class [telran.java55.ApplicationTests]: ApplicationTests does not declare any static, non-private, non-final, nested classes annotated with @Configuration.
10:56:59.532 [main] INFO org.springframework.boot.test.context.SpringBootTestContextBootstrapper -- Found @SpringBootConfiguration telran.java55.Application for test class telran.java55.ApplicationTests

  .   ____          _            __ _ _
 /\\ / ___'_ __ _ _(_)_ __  __ _ \ \ \ \
( ( )\___ | '_ | '_| | '_ \/ _` | \ \ \ \
 \\/  ___)| |_)| | | | | || (_| |  ) ) ) )
  '  |____| .__|_| |_|_| |_\__, | / / / /
 =========|_|==============|___/=/_/_/_/

 :: Spring Boot ::                (v3.4.1)

2025-01-16T10:56:59.994+02:00  INFO 16800 --- [08_Forum-Service-MongoDB-Accounting] [           main] telran.java55.ApplicationTests           : Starting ApplicationTests using Java 23.0.1 with PID 16800 (started by user in C:\Users\user\git\08_Forum)
2025-01-16T10:56:59.995+02:00  INFO 16800 --- [08_Forum-Service-MongoDB-Accounting] [           main] telran.java55.ApplicationTests           : No active profile set, falling back to 1 default profile: "default"
2025-01-16T10:57:00.629+02:00  INFO 16800 --- [08_Forum-Service-MongoDB-Accounting] [           main] .s.d.r.c.RepositoryConfigurationDelegate : Bootstrapping Spring Data MongoDB repositories in DEFAULT mode.
2025-01-16T10:57:00.692+02:00  INFO 16800 --- [08_Forum-Service-MongoDB-Accounting] [           main] .s.d.r.c.RepositoryConfigurationDelegate : Finished Spring Data repository scanning in 58 ms. Found 2 MongoDB repository interfaces.
2025-01-16T10:57:01.236+02:00  INFO 16800 --- [08_Forum-Service-MongoDB-Accounting] [           main] org.mongodb.driver.client                : MongoClient with metadata {"driver": {"name": "mongo-java-driver|sync|spring-boot", "version": "5.2.1"}, "os": {"type": "Windows", "name": "Windows 11", "architecture": "amd64", "version": "10.0"}, "platform": "Java/Oracle Corporation/23.0.1+11-39"} created with settings MongoClientSettings{readPreference=primary, writeConcern=WriteConcern{w=null, wTimeout=null ms, journal=null}, retryWrites=true, retryReads=true, readConcern=ReadConcern{level=null}, credential=MongoCredential{mechanism=null, userName='raevsky66', source='admin', password=<hidden>, mechanismProperties=<hidden>}, transportSettings=null, commandListeners=[], codecRegistry=ProvidersCodecRegistry{codecProviders=[ValueCodecProvider{}, BsonValueCodecProvider{}, DBRefCodecProvider{}, DBObjectCodecProvider{}, DocumentCodecProvider{}, CollectionCodecProvider{}, IterableCodecProvider{}, MapCodecProvider{}, GeoJsonCodecProvider{}, GridFSFileCodecProvider{}, Jsr310CodecProvider{}, JsonObjectCodecProvider{}, BsonCodecProvider{}, EnumCodecProvider{}, com.mongodb.client.model.mql.ExpressionCodecProvider@44114b9f, com.mongodb.Jep395RecordCodecProvider@76bf1bb8, com.mongodb.KotlinCodecProvider@2a235b8e]}, loggerSettings=LoggerSettings{maxDocumentLength=1000}, clusterSettings={hosts=[127.0.0.1:27017], srvHost=studentservice.30fsl.mongodb.net, srvServiceName=mongodb, mode=MULTIPLE, requiredClusterType=REPLICA_SET, requiredReplicaSetName='atlas-n9g3nx-shard-0', serverSelector='null', clusterListeners='[]', serverSelectionTimeout='30000 ms', localThreshold='15 ms'}, socketSettings=SocketSettings{connectTimeoutMS=10000, readTimeoutMS=0, receiveBufferSize=0, proxySettings=ProxySettings{host=null, port=null, username=null, password=null}}, heartbeatSocketSettings=SocketSettings{connectTimeoutMS=10000, readTimeoutMS=10000, receiveBufferSize=0, proxySettings=ProxySettings{host=null, port=null, username=null, password=null}}, connectionPoolSettings=ConnectionPoolSettings{maxSize=100, minSize=0, maxWaitTimeMS=120000, maxConnectionLifeTimeMS=0, maxConnectionIdleTimeMS=0, maintenanceInitialDelayMS=0, maintenanceFrequencyMS=60000, connectionPoolListeners=[], maxConnecting=2}, serverSettings=ServerSettings{heartbeatFrequencyMS=10000, minHeartbeatFrequencyMS=500, serverMonitoringMode=AUTO, serverListeners='[]', serverMonitorListeners='[]'}, sslSettings=SslSettings{enabled=true, invalidHostNameAllowed=false, context=null}, applicationName='null', compressorList=[], uuidRepresentation=JAVA_LEGACY, serverApi=null, autoEncryptionSettings=null, dnsClient=null, inetAddressResolver=null, contextProvider=null, timeoutMS=null}
2025-01-16T10:57:01.555+02:00  INFO 16800 --- [08_Forum-Service-MongoDB-Accounting] [fsl.mongodb.net] org.mongodb.driver.cluster               : Adding discovered server studentservice-shard-00-02.30fsl.mongodb.net:27017 to client view of cluster
2025-01-16T10:57:01.583+02:00  INFO 16800 --- [08_Forum-Service-MongoDB-Accounting] [fsl.mongodb.net] org.mongodb.driver.cluster               : Adding discovered server studentservice-shard-00-01.30fsl.mongodb.net:27017 to client view of cluster
2025-01-16T10:57:01.592+02:00  INFO 16800 --- [08_Forum-Service-MongoDB-Accounting] [fsl.mongodb.net] org.mongodb.driver.cluster               : Adding discovered server studentservice-shard-00-00.30fsl.mongodb.net:27017 to client view of cluster
2025-01-16T10:57:02.241+02:00  INFO 16800 --- [08_Forum-Service-MongoDB-Accounting] [           main] telran.java55.ApplicationTests           : Started ApplicationTests in 2.524 seconds (process running for 3.461)
2025-01-16T10:57:02.421+02:00  INFO 16800 --- [08_Forum-Service-MongoDB-Accounting] [ngodb.net:27017] org.mongodb.driver.cluster               : Monitor thread successfully connected to server with description ServerDescription{address=studentservice-shard-00-02.30fsl.mongodb.net:27017, type=REPLICA_SET_PRIMARY, cryptd=false, state=CONNECTED, ok=true, minWireVersion=0, maxWireVersion=25, maxDocumentSize=16777216, logicalSessionTimeoutMinutes=30, roundTripTimeNanos=407180300, minRoundTripTimeNanos=0, setName='atlas-n9g3nx-shard-0', canonicalAddress=studentservice-shard-00-02.30fsl.mongodb.net:27017, hosts=[studentservice-shard-00-00.30fsl.mongodb.net:27017, studentservice-shard-00-02.30fsl.mongodb.net:27017, studentservice-shard-00-01.30fsl.mongodb.net:27017], passives=[], arbiters=[], primary='studentservice-shard-00-02.30fsl.mongodb.net:27017', tagSet=TagSet{[Tag{name='availabilityZone', value='euw3-az3'}, Tag{name='diskState', value='READY'}, Tag{name='nodeType', value='ELECTABLE'}, Tag{name='provider', value='AWS'}, Tag{name='region', value='EU_WEST_3'}, Tag{name='workloadType', value='OPERATIONAL'}]}, electionId=7fffffff000000000000001c, setVersion=4, topologyVersion=TopologyVersion{processId=677ec64f7c3c34e138a29ac2, counter=6}, lastWriteDate=Thu Jan 16 10:57:02 IST 2025, lastUpdateTimeNanos=94728521022900}
2025-01-16T10:57:02.421+02:00  INFO 16800 --- [08_Forum-Service-MongoDB-Accounting] [ngodb.net:27017] org.mongodb.driver.cluster               : Monitor thread successfully connected to server with description ServerDescription{address=studentservice-shard-00-01.30fsl.mongodb.net:27017, type=REPLICA_SET_SECONDARY, cryptd=false, state=CONNECTED, ok=true, minWireVersion=0, maxWireVersion=25, maxDocumentSize=16777216, logicalSessionTimeoutMinutes=30, roundTripTimeNanos=407240100, minRoundTripTimeNanos=0, setName='atlas-n9g3nx-shard-0', canonicalAddress=studentservice-shard-00-01.30fsl.mongodb.net:27017, hosts=[studentservice-shard-00-00.30fsl.mongodb.net:27017, studentservice-shard-00-02.30fsl.mongodb.net:27017, studentservice-shard-00-01.30fsl.mongodb.net:27017], passives=[], arbiters=[], primary='studentservice-shard-00-02.30fsl.mongodb.net:27017', tagSet=TagSet{[Tag{name='availabilityZone', value='euw3-az2'}, Tag{name='diskState', value='READY'}, Tag{name='nodeType', value='ELECTABLE'}, Tag{name='provider', value='AWS'}, Tag{name='region', value='EU_WEST_3'}, Tag{name='workloadType', value='OPERATIONAL'}]}, electionId=null, setVersion=4, topologyVersion=TopologyVersion{processId=677ec9bec32db61d2010d34c, counter=3}, lastWriteDate=Thu Jan 16 10:57:02 IST 2025, lastUpdateTimeNanos=94728521022800}
2025-01-16T10:57:02.421+02:00  INFO 16800 --- [08_Forum-Service-MongoDB-Accounting] [ngodb.net:27017] org.mongodb.driver.cluster               : Monitor thread successfully connected to server with description ServerDescription{address=studentservice-shard-00-00.30fsl.mongodb.net:27017, type=REPLICA_SET_SECONDARY, cryptd=false, state=CONNECTED, ok=true, minWireVersion=0, maxWireVersion=25, maxDocumentSize=16777216, logicalSessionTimeoutMinutes=30, roundTripTimeNanos=407707100, minRoundTripTimeNanos=0, setName='atlas-n9g3nx-shard-0', canonicalAddress=studentservice-shard-00-00.30fsl.mongodb.net:27017, hosts=[studentservice-shard-00-00.30fsl.mongodb.net:27017, studentservice-shard-00-02.30fsl.mongodb.net:27017, studentservice-shard-00-01.30fsl.mongodb.net:27017], passives=[], arbiters=[], primary='studentservice-shard-00-02.30fsl.mongodb.net:27017', tagSet=TagSet{[Tag{name='availabilityZone', value='euw3-az1'}, Tag{name='diskState', value='READY'}, Tag{name='nodeType', value='ELECTABLE'}, Tag{name='provider', value='AWS'}, Tag{name='region', value='EU_WEST_3'}, Tag{name='workloadType', value='OPERATIONAL'}]}, electionId=null, setVersion=4, topologyVersion=TopologyVersion{processId=677ec21bb1ee4ee4d8a20b4f, counter=4}, lastWriteDate=Thu Jan 16 10:57:02 IST 2025, lastUpdateTimeNanos=94728521046200}
2025-01-16T10:57:02.424+02:00  INFO 16800 --- [08_Forum-Service-MongoDB-Accounting] [ngodb.net:27017] org.mongodb.driver.cluster               : Discovered replica set primary studentservice-shard-00-02.30fsl.mongodb.net:27017 with max election id 7fffffff000000000000001c and max set version 4
]]></system-out>
    <system-err><![CDATA[Mockito is currently self-attaching to enable the inline-mock-maker. This will no longer work in future releases of the JDK. Please add Mockito as an agent to your build what is described in Mockito's documentation: https://javadoc.io/doc/org.mockito/mockito-core/latest/org/mockito/Mockito.html#0.3
WARNING: A Java agent has been loaded dynamically (C:\Users\user\.m2\repository\net\bytebuddy\byte-buddy-agent\1.15.11\byte-buddy-agent-1.15.11.jar)
WARNING: If a serviceability tool is in use, please run with -XX:+EnableDynamicAgentLoading to hide this warning
WARNING: If a serviceability tool is not in use, please run with -Djdk.instrument.traceUsage for more information
WARNING: Dynamic loading of agents will be disallowed by default in a future release
]]></system-err>
  </testcase>
</testsuite>